<?xml version="1.0" encoding="UTF-8"?>
<testsuite xmlns:xsi="http://www.w3.org/2001/XMLSchema-instance" xsi:noNamespaceSchemaLocation="https://maven.apache.org/surefire/maven-surefire-plugin/xsd/surefire-test-report-3.0.xsd" version="3.0" name="TestSuite" time="302.498" tests="4" errors="0" skipped="1" failures="1">
  <properties>
    <property name="gopherProxySet" value="false"/>
    <property name="awt.toolkit" value="sun.lwawt.macosx.LWCToolkit"/>
    <property name="file.encoding.pkg" value="sun.io"/>
    <property name="java.specification.version" value="1.8"/>
    <property name="sun.cpu.isalist" value=""/>
    <property name="sun.jnu.encoding" value="UTF-8"/>
    <property name="java.class.path" value="/Users/anji/eclipse-UdemyTrainings/PageObjectModel_PageFactories/target/test-classes:/Users/anji/eclipse-UdemyTrainings/PageObjectModel_PageFactories/target/classes:/Users/anji/.m2/repository/org/seleniumhq/selenium/selenium-java/3.141.59/selenium-java-3.141.59.jar:/Users/anji/.m2/repository/org/seleniumhq/selenium/selenium-api/3.141.59/selenium-api-3.141.59.jar:/Users/anji/.m2/repository/org/seleniumhq/selenium/selenium-chrome-driver/3.141.59/selenium-chrome-driver-3.141.59.jar:/Users/anji/.m2/repository/org/seleniumhq/selenium/selenium-edge-driver/3.141.59/selenium-edge-driver-3.141.59.jar:/Users/anji/.m2/repository/org/seleniumhq/selenium/selenium-firefox-driver/3.141.59/selenium-firefox-driver-3.141.59.jar:/Users/anji/.m2/repository/org/seleniumhq/selenium/selenium-ie-driver/3.141.59/selenium-ie-driver-3.141.59.jar:/Users/anji/.m2/repository/org/seleniumhq/selenium/selenium-opera-driver/3.141.59/selenium-opera-driver-3.141.59.jar:/Users/anji/.m2/repository/org/seleniumhq/selenium/selenium-remote-driver/3.141.59/selenium-remote-driver-3.141.59.jar:/Users/anji/.m2/repository/org/seleniumhq/selenium/selenium-safari-driver/3.141.59/selenium-safari-driver-3.141.59.jar:/Users/anji/.m2/repository/org/seleniumhq/selenium/selenium-support/3.141.59/selenium-support-3.141.59.jar:/Users/anji/.m2/repository/net/bytebuddy/byte-buddy/1.8.15/byte-buddy-1.8.15.jar:/Users/anji/.m2/repository/org/apache/commons/commons-exec/1.3/commons-exec-1.3.jar:/Users/anji/.m2/repository/com/google/guava/guava/25.0-jre/guava-25.0-jre.jar:/Users/anji/.m2/repository/com/google/code/findbugs/jsr305/1.3.9/jsr305-1.3.9.jar:/Users/anji/.m2/repository/org/checkerframework/checker-compat-qual/2.0.0/checker-compat-qual-2.0.0.jar:/Users/anji/.m2/repository/com/google/errorprone/error_prone_annotations/2.1.3/error_prone_annotations-2.1.3.jar:/Users/anji/.m2/repository/com/google/j2objc/j2objc-annotations/1.1/j2objc-annotations-1.1.jar:/Users/anji/.m2/repository/org/codehaus/mojo/animal-sniffer-annotations/1.14/animal-sniffer-annotations-1.14.jar:/Users/anji/.m2/repository/com/squareup/okhttp3/okhttp/3.11.0/okhttp-3.11.0.jar:/Users/anji/.m2/repository/com/squareup/okio/okio/1.14.0/okio-1.14.0.jar:/Users/anji/.m2/repository/io/github/bonigarcia/webdrivermanager/3.8.1/webdrivermanager-3.8.1.jar:/Users/anji/.m2/repository/org/slf4j/slf4j-api/1.7.25/slf4j-api-1.7.25.jar:/Users/anji/.m2/repository/commons-io/commons-io/2.6/commons-io-2.6.jar:/Users/anji/.m2/repository/com/google/code/gson/gson/2.8.5/gson-2.8.5.jar:/Users/anji/.m2/repository/org/apache/commons/commons-lang3/3.8.1/commons-lang3-3.8.1.jar:/Users/anji/.m2/repository/org/apache/httpcomponents/httpclient/4.5.6/httpclient-4.5.6.jar:/Users/anji/.m2/repository/org/apache/httpcomponents/httpcore/4.4.10/httpcore-4.4.10.jar:/Users/anji/.m2/repository/commons-codec/commons-codec/1.10/commons-codec-1.10.jar:/Users/anji/.m2/repository/org/rauschig/jarchivelib/1.0.0/jarchivelib-1.0.0.jar:/Users/anji/.m2/repository/org/apache/commons/commons-compress/1.18/commons-compress-1.18.jar:/Users/anji/.m2/repository/org/jsoup/jsoup/1.11.3/jsoup-1.11.3.jar:/Users/anji/.m2/repository/com/aventstack/extentreports/4.0.9/extentreports-4.0.9.jar:/Users/anji/.m2/repository/org/freemarker/freemarker/2.3.23/freemarker-2.3.23.jar:/Users/anji/.m2/repository/org/mongodb/mongodb-driver/3.3.0/mongodb-driver-3.3.0.jar:/Users/anji/.m2/repository/org/mongodb/mongodb-driver-core/3.3.0/mongodb-driver-core-3.3.0.jar:/Users/anji/.m2/repository/org/mongodb/bson/3.3.0/bson-3.3.0.jar:/Users/anji/.m2/repository/org/apache/httpcomponents/httpmime/4.5.2/httpmime-4.5.2.jar:/Users/anji/.m2/repository/com/relevantcodes/extentreports/2.41.2/extentreports-2.41.2.jar:/Users/anji/.m2/repository/org/xerial/sqlite-jdbc/3.8.11.1/sqlite-jdbc-3.8.11.1.jar:/Users/anji/.m2/repository/org/uncommons/reportng/1.1.4/reportng-1.1.4.jar:/Users/anji/.m2/repository/velocity/velocity/1.4/velocity-1.4.jar:/Users/anji/.m2/repository/velocity/velocity-dep/1.4/velocity-dep-1.4.jar:/Users/anji/.m2/repository/com/google/inject/guice/4.1.0/guice-4.1.0.jar:/Users/anji/.m2/repository/javax/inject/javax.inject/1/javax.inject-1.jar:/Users/anji/.m2/repository/aopalliance/aopalliance/1.0/aopalliance-1.0.jar:/Users/anji/.m2/repository/log4j/log4j/1.2.17/log4j-1.2.17.jar:/Users/anji/.m2/repository/org/apache/poi/poi/3.6/poi-3.6.jar:/Users/anji/.m2/repository/commons-logging/commons-logging/1.1/commons-logging-1.1.jar:/Users/anji/.m2/repository/logkit/logkit/1.0.1/logkit-1.0.1.jar:/Users/anji/.m2/repository/avalon-framework/avalon-framework/4.1.3/avalon-framework-4.1.3.jar:/Users/anji/.m2/repository/javax/servlet/servlet-api/2.3/servlet-api-2.3.jar:/Users/anji/.m2/repository/org/apache/poi/poi-ooxml/3.6/poi-ooxml-3.6.jar:/Users/anji/.m2/repository/dom4j/dom4j/1.1/dom4j-1.1.jar:/Users/anji/.m2/repository/org/apache/xmlbeans/xmlbeans/2.3.0/xmlbeans-2.3.0.jar:/Users/anji/.m2/repository/stax/stax-api/1.0.1/stax-api-1.0.1.jar:/Users/anji/.m2/repository/org/apache/poi/poi-ooxml-schemas/3.6/poi-ooxml-schemas-3.6.jar:/Users/anji/.m2/repository/org/apache/geronimo/specs/geronimo-stax-api_1.0_spec/1.0/geronimo-stax-api_1.0_spec-1.0.jar:/Users/anji/.m2/repository/javax/mail/mail/1.4.7/mail-1.4.7.jar:/Users/anji/.m2/repository/javax/activation/activation/1.1/activation-1.1.jar:/Users/anji/.m2/repository/mysql/mysql-connector-java/8.0.20/mysql-connector-java-8.0.20.jar:/Users/anji/.m2/repository/com/google/protobuf/protobuf-java/3.6.1/protobuf-java-3.6.1.jar:/Users/anji/.m2/repository/org/testng/testng/6.14.3/testng-6.14.3.jar:/Users/anji/.m2/repository/com/beust/jcommander/1.72/jcommander-1.72.jar:/Users/anji/.m2/repository/org/apache-extras/beanshell/bsh/2.0b6/bsh-2.0b6.jar:"/>
    <property name="java.vm.vendor" value="Oracle Corporation"/>
    <property name="sun.arch.data.model" value="64"/>
    <property name="java.vendor.url" value="http://java.oracle.com/"/>
    <property name="user.timezone" value=""/>
    <property name="java.vm.specification.version" value="1.8"/>
    <property name="os.name" value="Mac OS X"/>
    <property name="user.country" value="IN"/>
    <property name="sun.java.launcher" value="SUN_STANDARD"/>
    <property name="sun.boot.library.path" value="/Library/Java/JavaVirtualMachines/jdk1.8.0_251.jdk/Contents/Home/jre/lib"/>
    <property name="sun.java.command" value="/Users/anji/eclipse-UdemyTrainings/PageObjectModel_PageFactories/target/surefire/surefirebooter4892809343537807309.jar /Users/anji/eclipse-UdemyTrainings/PageObjectModel_PageFactories/target/surefire 2020-07-10T14-40-20_012-jvmRun1 surefire131873177808907538tmp surefire_08318757100047920807tmp"/>
    <property name="http.nonProxyHosts" value="local|*.local|169.254/16|*.169.254/16"/>
    <property name="surefire.test.class.path" value="/Users/anji/eclipse-UdemyTrainings/PageObjectModel_PageFactories/target/test-classes:/Users/anji/eclipse-UdemyTrainings/PageObjectModel_PageFactories/target/classes:/Users/anji/.m2/repository/org/seleniumhq/selenium/selenium-java/3.141.59/selenium-java-3.141.59.jar:/Users/anji/.m2/repository/org/seleniumhq/selenium/selenium-api/3.141.59/selenium-api-3.141.59.jar:/Users/anji/.m2/repository/org/seleniumhq/selenium/selenium-chrome-driver/3.141.59/selenium-chrome-driver-3.141.59.jar:/Users/anji/.m2/repository/org/seleniumhq/selenium/selenium-edge-driver/3.141.59/selenium-edge-driver-3.141.59.jar:/Users/anji/.m2/repository/org/seleniumhq/selenium/selenium-firefox-driver/3.141.59/selenium-firefox-driver-3.141.59.jar:/Users/anji/.m2/repository/org/seleniumhq/selenium/selenium-ie-driver/3.141.59/selenium-ie-driver-3.141.59.jar:/Users/anji/.m2/repository/org/seleniumhq/selenium/selenium-opera-driver/3.141.59/selenium-opera-driver-3.141.59.jar:/Users/anji/.m2/repository/org/seleniumhq/selenium/selenium-remote-driver/3.141.59/selenium-remote-driver-3.141.59.jar:/Users/anji/.m2/repository/org/seleniumhq/selenium/selenium-safari-driver/3.141.59/selenium-safari-driver-3.141.59.jar:/Users/anji/.m2/repository/org/seleniumhq/selenium/selenium-support/3.141.59/selenium-support-3.141.59.jar:/Users/anji/.m2/repository/net/bytebuddy/byte-buddy/1.8.15/byte-buddy-1.8.15.jar:/Users/anji/.m2/repository/org/apache/commons/commons-exec/1.3/commons-exec-1.3.jar:/Users/anji/.m2/repository/com/google/guava/guava/25.0-jre/guava-25.0-jre.jar:/Users/anji/.m2/repository/com/google/code/findbugs/jsr305/1.3.9/jsr305-1.3.9.jar:/Users/anji/.m2/repository/org/checkerframework/checker-compat-qual/2.0.0/checker-compat-qual-2.0.0.jar:/Users/anji/.m2/repository/com/google/errorprone/error_prone_annotations/2.1.3/error_prone_annotations-2.1.3.jar:/Users/anji/.m2/repository/com/google/j2objc/j2objc-annotations/1.1/j2objc-annotations-1.1.jar:/Users/anji/.m2/repository/org/codehaus/mojo/animal-sniffer-annotations/1.14/animal-sniffer-annotations-1.14.jar:/Users/anji/.m2/repository/com/squareup/okhttp3/okhttp/3.11.0/okhttp-3.11.0.jar:/Users/anji/.m2/repository/com/squareup/okio/okio/1.14.0/okio-1.14.0.jar:/Users/anji/.m2/repository/io/github/bonigarcia/webdrivermanager/3.8.1/webdrivermanager-3.8.1.jar:/Users/anji/.m2/repository/org/slf4j/slf4j-api/1.7.25/slf4j-api-1.7.25.jar:/Users/anji/.m2/repository/commons-io/commons-io/2.6/commons-io-2.6.jar:/Users/anji/.m2/repository/com/google/code/gson/gson/2.8.5/gson-2.8.5.jar:/Users/anji/.m2/repository/org/apache/commons/commons-lang3/3.8.1/commons-lang3-3.8.1.jar:/Users/anji/.m2/repository/org/apache/httpcomponents/httpclient/4.5.6/httpclient-4.5.6.jar:/Users/anji/.m2/repository/org/apache/httpcomponents/httpcore/4.4.10/httpcore-4.4.10.jar:/Users/anji/.m2/repository/commons-codec/commons-codec/1.10/commons-codec-1.10.jar:/Users/anji/.m2/repository/org/rauschig/jarchivelib/1.0.0/jarchivelib-1.0.0.jar:/Users/anji/.m2/repository/org/apache/commons/commons-compress/1.18/commons-compress-1.18.jar:/Users/anji/.m2/repository/org/jsoup/jsoup/1.11.3/jsoup-1.11.3.jar:/Users/anji/.m2/repository/com/aventstack/extentreports/4.0.9/extentreports-4.0.9.jar:/Users/anji/.m2/repository/org/freemarker/freemarker/2.3.23/freemarker-2.3.23.jar:/Users/anji/.m2/repository/org/mongodb/mongodb-driver/3.3.0/mongodb-driver-3.3.0.jar:/Users/anji/.m2/repository/org/mongodb/mongodb-driver-core/3.3.0/mongodb-driver-core-3.3.0.jar:/Users/anji/.m2/repository/org/mongodb/bson/3.3.0/bson-3.3.0.jar:/Users/anji/.m2/repository/org/apache/httpcomponents/httpmime/4.5.2/httpmime-4.5.2.jar:/Users/anji/.m2/repository/com/relevantcodes/extentreports/2.41.2/extentreports-2.41.2.jar:/Users/anji/.m2/repository/org/xerial/sqlite-jdbc/3.8.11.1/sqlite-jdbc-3.8.11.1.jar:/Users/anji/.m2/repository/org/uncommons/reportng/1.1.4/reportng-1.1.4.jar:/Users/anji/.m2/repository/velocity/velocity/1.4/velocity-1.4.jar:/Users/anji/.m2/repository/velocity/velocity-dep/1.4/velocity-dep-1.4.jar:/Users/anji/.m2/repository/com/google/inject/guice/4.1.0/guice-4.1.0.jar:/Users/anji/.m2/repository/javax/inject/javax.inject/1/javax.inject-1.jar:/Users/anji/.m2/repository/aopalliance/aopalliance/1.0/aopalliance-1.0.jar:/Users/anji/.m2/repository/log4j/log4j/1.2.17/log4j-1.2.17.jar:/Users/anji/.m2/repository/org/apache/poi/poi/3.6/poi-3.6.jar:/Users/anji/.m2/repository/commons-logging/commons-logging/1.1/commons-logging-1.1.jar:/Users/anji/.m2/repository/logkit/logkit/1.0.1/logkit-1.0.1.jar:/Users/anji/.m2/repository/avalon-framework/avalon-framework/4.1.3/avalon-framework-4.1.3.jar:/Users/anji/.m2/repository/javax/servlet/servlet-api/2.3/servlet-api-2.3.jar:/Users/anji/.m2/repository/org/apache/poi/poi-ooxml/3.6/poi-ooxml-3.6.jar:/Users/anji/.m2/repository/dom4j/dom4j/1.1/dom4j-1.1.jar:/Users/anji/.m2/repository/org/apache/xmlbeans/xmlbeans/2.3.0/xmlbeans-2.3.0.jar:/Users/anji/.m2/repository/stax/stax-api/1.0.1/stax-api-1.0.1.jar:/Users/anji/.m2/repository/org/apache/poi/poi-ooxml-schemas/3.6/poi-ooxml-schemas-3.6.jar:/Users/anji/.m2/repository/org/apache/geronimo/specs/geronimo-stax-api_1.0_spec/1.0/geronimo-stax-api_1.0_spec-1.0.jar:/Users/anji/.m2/repository/javax/mail/mail/1.4.7/mail-1.4.7.jar:/Users/anji/.m2/repository/javax/activation/activation/1.1/activation-1.1.jar:/Users/anji/.m2/repository/mysql/mysql-connector-java/8.0.20/mysql-connector-java-8.0.20.jar:/Users/anji/.m2/repository/com/google/protobuf/protobuf-java/3.6.1/protobuf-java-3.6.1.jar:/Users/anji/.m2/repository/org/testng/testng/6.14.3/testng-6.14.3.jar:/Users/anji/.m2/repository/com/beust/jcommander/1.72/jcommander-1.72.jar:/Users/anji/.m2/repository/org/apache-extras/beanshell/bsh/2.0b6/bsh-2.0b6.jar:"/>
    <property name="sun.cpu.endian" value="little"/>
    <property name="user.home" value="/Users/anji"/>
    <property name="user.language" value="en"/>
    <property name="java.specification.vendor" value="Oracle Corporation"/>
    <property name="java.home" value="/Library/Java/JavaVirtualMachines/jdk1.8.0_251.jdk/Contents/Home/jre"/>
    <property name="basedir" value="/Users/anji/eclipse-UdemyTrainings/PageObjectModel_PageFactories"/>
    <property name="file.separator" value="/"/>
    <property name="line.separator" value="&#10;"/>
    <property name="java.vm.specification.vendor" value="Oracle Corporation"/>
    <property name="java.specification.name" value="Java Platform API Specification"/>
    <property name="java.awt.graphicsenv" value="sun.awt.CGraphicsEnvironment"/>
    <property name="surefire.real.class.path" value="/Users/anji/eclipse-UdemyTrainings/PageObjectModel_PageFactories/target/surefire/surefirebooter4892809343537807309.jar"/>
    <property name="sun.boot.class.path" value="/Library/Java/JavaVirtualMachines/jdk1.8.0_251.jdk/Contents/Home/jre/lib/resources.jar:/Library/Java/JavaVirtualMachines/jdk1.8.0_251.jdk/Contents/Home/jre/lib/rt.jar:/Library/Java/JavaVirtualMachines/jdk1.8.0_251.jdk/Contents/Home/jre/lib/sunrsasign.jar:/Library/Java/JavaVirtualMachines/jdk1.8.0_251.jdk/Contents/Home/jre/lib/jsse.jar:/Library/Java/JavaVirtualMachines/jdk1.8.0_251.jdk/Contents/Home/jre/lib/jce.jar:/Library/Java/JavaVirtualMachines/jdk1.8.0_251.jdk/Contents/Home/jre/lib/charsets.jar:/Library/Java/JavaVirtualMachines/jdk1.8.0_251.jdk/Contents/Home/jre/lib/jfr.jar:/Library/Java/JavaVirtualMachines/jdk1.8.0_251.jdk/Contents/Home/jre/classes"/>
    <property name="sun.management.compiler" value="HotSpot 64-Bit Tiered Compilers"/>
    <property name="ftp.nonProxyHosts" value="local|*.local|169.254/16|*.169.254/16"/>
    <property name="java.runtime.version" value="1.8.0_251-b08"/>
    <property name="user.name" value="anji"/>
    <property name="path.separator" value=":"/>
    <property name="os.version" value="10.15.2"/>
    <property name="java.endorsed.dirs" value="/Library/Java/JavaVirtualMachines/jdk1.8.0_251.jdk/Contents/Home/jre/lib/endorsed"/>
    <property name="java.runtime.name" value="Java(TM) SE Runtime Environment"/>
    <property name="file.encoding" value="UTF-8"/>
    <property name="java.vm.name" value="Java HotSpot(TM) 64-Bit Server VM"/>
    <property name="localRepository" value="/Users/anji/.m2/repository"/>
    <property name="java.vendor.url.bug" value="http://bugreport.sun.com/bugreport/"/>
    <property name="java.io.tmpdir" value="/var/folders/tw/ngqy4n4n3kb_dnvdkjg0g9pm0000gn/T/"/>
    <property name="java.version" value="1.8.0_251"/>
    <property name="user.dir" value="/Users/anji/eclipse-UdemyTrainings/PageObjectModel_PageFactories"/>
    <property name="os.arch" value="x86_64"/>
    <property name="java.vm.specification.name" value="Java Virtual Machine Specification"/>
    <property name="java.awt.printerjob" value="sun.lwawt.macosx.CPrinterJob"/>
    <property name="sun.os.patch.level" value="unknown"/>
    <property name="java.library.path" value="/Users/anji/Library/Java/Extensions:/Library/Java/Extensions:/Network/Library/Java/Extensions:/System/Library/Java/Extensions:/usr/lib/java:."/>
    <property name="java.vm.info" value="mixed mode"/>
    <property name="java.vendor" value="Oracle Corporation"/>
    <property name="java.vm.version" value="25.251-b08"/>
    <property name="java.ext.dirs" value="/Users/anji/Library/Java/Extensions:/Library/Java/JavaVirtualMachines/jdk1.8.0_251.jdk/Contents/Home/jre/lib/ext:/Library/Java/Extensions:/Network/Library/Java/Extensions:/System/Library/Java/Extensions:/usr/lib/java"/>
    <property name="sun.io.unicode.encoding" value="UnicodeBig"/>
    <property name="java.class.version" value="52.0"/>
    <property name="socksNonProxyHosts" value="local|*.local|169.254/16|*.169.254/16"/>
  </properties>
  <testcase name="signInTest" classname="com.testcases.SignInTest" time="144.849"/>
  <testcase name="signInTest" classname="com.testcases.SignInTest" time="0">
    <skipped message="Skipping the testcase !"/>
    <system-out><![CDATA[signInTest
]]></system-out>
  </testcase>
  <testcase name="tearDown" classname="com.testcases.SignInTest" time="0.152">
    <failure message="invalid session id&#10;Build info: version: &apos;3.141.59&apos;, revision: &apos;e82be7d358&apos;, time: &apos;2018-11-14T08:17:03&apos;&#10;System info: host: &apos;Anjithas-Air.domain.name&apos;, ip: &apos;fe80:0:0:0:1ce3:6a3:1fc1:ddd6%en0&apos;, os.name: &apos;Mac OS X&apos;, os.arch: &apos;x86_64&apos;, os.version: &apos;10.15.2&apos;, java.version: &apos;1.8.0_251&apos;&#10;Driver info: org.openqa.selenium.chrome.ChromeDriver&#10;Capabilities {acceptInsecureCerts: false, browserName: chrome, browserVersion: 83.0.4103.116, chrome: {chromedriverVersion: 83.0.4103.39 (ccbf011cb2d2b..., userDataDir: /var/folders/tw/ngqy4n4n3kb...}, goog:chromeOptions: {debuggerAddress: localhost:50270}, javascriptEnabled: true, networkConnectionEnabled: false, pageLoadStrategy: normal, platform: MAC, platformName: MAC, proxy: Proxy(), setWindowRect: true, strictFileInteractability: false, timeouts: {implicit: 0, pageLoad: 300000, script: 30000}, unhandledPromptBehavior: dismiss and notify, webauthn:virtualAuthenticators: true}&#10;Session ID: e14be84925495bf21160c49c3591bbc5" type="org.openqa.selenium.NoSuchSessionException">org.openqa.selenium.NoSuchSessionException: 
invalid session id
Build info: version: '3.141.59', revision: 'e82be7d358', time: '2018-11-14T08:17:03'
System info: host: 'Anjithas-Air.domain.name', ip: 'fe80:0:0:0:1ce3:6a3:1fc1:ddd6%en0', os.name: 'Mac OS X', os.arch: 'x86_64', os.version: '10.15.2', java.version: '1.8.0_251'
Driver info: org.openqa.selenium.chrome.ChromeDriver
Capabilities {acceptInsecureCerts: false, browserName: chrome, browserVersion: 83.0.4103.116, chrome: {chromedriverVersion: 83.0.4103.39 (ccbf011cb2d2b..., userDataDir: /var/folders/tw/ngqy4n4n3kb...}, goog:chromeOptions: {debuggerAddress: localhost:50270}, javascriptEnabled: true, networkConnectionEnabled: false, pageLoadStrategy: normal, platform: MAC, platformName: MAC, proxy: Proxy(), setWindowRect: true, strictFileInteractability: false, timeouts: {implicit: 0, pageLoad: 300000, script: 30000}, unhandledPromptBehavior: dismiss and notify, webauthn:virtualAuthenticators: true}
Session ID: e14be84925495bf21160c49c3591bbc5
	at com.testcases.SignInTest.tearDown(SignInTest.java:37)
</failure>
  </testcase>
  <testcase name="flightSearchTest" classname="com.testcases.FlightSearchTest" time="143.48"/>
</testsuite>