<?xml version="1.0" encoding="UTF-8"?>
<!-- Generated by org.testng.reporters.JUnitReportReporter -->
<testsuite skipped="0" hostname="Anjithas-Air.domain.name" name="com.testcases.FlightSearchTest" tests="1" failures="0" timestamp="09 Jul 2020 09:25:42 GMT" time="9.427" errors="0">
  <testcase name="flightSearchTest" time="9.427" classname="com.testcases.FlightSearchTest"/>
</testsuite> <!-- com.testcases.FlightSearchTest -->
