<?xml version="1.0" encoding="UTF-8"?>
<!-- Generated by org.testng.reporters.JUnitReportReporter -->
<testsuite skipped="0" hostname="Anjithas-Air.domain.name" name="com.testcases.SignInTest" tests="1" failures="0" timestamp="08 Jul 2020 10:47:40 GMT" time="17.865" errors="0">
  <testcase name="signInTest" time="17.865" classname="com.testcases.SignInTest"/>
</testsuite> <!-- com.testcases.SignInTest -->
