<?xml version="1.0" encoding="UTF-8"?>
<!-- Generated by org.testng.reporters.JUnitReportReporter -->
<testsuite skipped="0" hostname="Anjithas-Air.domain.name" name="com.testcases.FlightSearchTest" tests="1" failures="0" timestamp="10 Jul 2020 09:15:23 GMT" time="143.569" errors="0">
  <testcase name="flightSearchTest" time="143.569" classname="com.testcases.FlightSearchTest"/>
</testsuite> <!-- com.testcases.FlightSearchTest -->
